<?xml version="1.0" encoding="UTF-8"?>
<!-- Generated by org.testng.reporters.JUnitXMLReporter -->
<testsuite hostname="madhavareddy.mtv.corp.google.com" ignored="0" name="testamazon" tests="2" failures="0" timestamp="01 Sep 2017 23:24:21 GMT" time="7.666" errors="0">
  <testcase name="testLoginPage" time="5.985" classname="com.github.selenium.testamazon.tests.RegressionTests"/>
  <testcase name="testCreateWatchList" time="1.67" classname="com.github.selenium.testamazon.tests.RegressionTests"/>
</testsuite> <!-- testamazon -->
