<?xml version="1.0" encoding="UTF-8"?>
<!-- Generated by org.testng.reporters.JUnitXMLReporter -->
<testsuite hostname="madhavareddy-macbookpro2.roam.corp.google.com" ignored="0" name="E2E Test" tests="2" failures="0" timestamp="23 Aug 2017 22:46:04 GMT" time="7.669" errors="0">
  <testcase name="testLoginPage" time="4.702" classname="com.github.selenium.testamazon.tests.RegressionTests"/>
  <testcase name="testCreateWatchList" time="2.956" classname="com.github.selenium.testamazon.tests.RegressionTests"/>
</testsuite> <!-- E2E Test -->
